<?xml version="1.0" encoding="UTF-8"?>
<testng-results ignored="0" total="1" passed="1" failed="0" skipped="0">
  <reporter-output>
  </reporter-output>
  <suite started-at="2023-03-05T12:37:53 IST" name="Surefire suite" finished-at="2023-03-05T12:39:48 IST" duration-ms="115582">
    <groups>
    </groups>
    <test started-at="2023-03-05T12:37:53 IST" name="Surefire test" finished-at="2023-03-05T12:39:48 IST" duration-ms="115582">
      <class name="DemoTest.AirIndia.BookAFlightTest">
        <test-method signature="BookAFlight()[pri:0, instance:DemoTest.AirIndia.BookAFlightTest@18ce0030]" started-at="2023-03-05T12:37:53 IST" name="BookAFlight" finished-at="2023-03-05T12:39:48 IST" duration-ms="115498" status="PASS">
          <reporter-output>
          </reporter-output>
        </test-method> <!-- BookAFlight -->
      </class> <!-- DemoTest.AirIndia.BookAFlightTest -->
    </test> <!-- Surefire test -->
  </suite> <!-- Surefire suite -->
</testng-results>
